number,value,datetime_start,datetime_complete,duration,params_color_p,params_disk_size,params_length_max,params_length_min,params_min_threshold,params_no_object_threshold,params_pp_circle,params_pp_square,params_radius_max,params_radius_min,state
77,0.9105960264900662,2026-04-20 15:13:45.909037,2026-04-20 15:16:11.180504,0 days 00:02:25.271467,0.5649271259053389,5,103.2128241758955,85.78356846547854,111.82351334314401,254.6048488081959,0.7899846126240452,0.6410291947343913,54.06676780380435,32.43442239422737,COMPLETE
78,0.8899006622516556,2026-04-20 15:13:46.452523,2026-04-20 15:15:28.717930,0 days 00:01:42.265407,0.5614357197086248,3,101.00510435680695,85.74513871611592,119.68172633798238,247.92507883154212,0.7959151513429011,0.641187992197195,54.15928481275001,32.382551499666555,COMPLETE
79,0.9163907284768212,2026-04-20 15:13:49.784228,2026-04-20 15:16:18.599110,0 days 00:02:28.814882,0.550135569434764,5,101.24961293996088,85.79567454866068,112.74213240681556,223.12820086721223,0.808794346530189,0.637057515823923,54.20069009814964,34.07404555698235,COMPLETE
80,0.9205298013245033,2026-04-20 15:13:53.809691,2026-04-20 15:15:39.378520,0 days 00:01:45.568829,0.5518974542280201,3,101.03641141125848,85.81551905327666,104.38435028334142,231.15405546882204,0.8063927699858429,0.6373029489409797,54.020245673922176,33.628882363115636,COMPLETE
81,0.9056291390728477,2026-04-20 15:13:55.896781,2026-04-20 15:15:40.988990,0 days 00:01:45.092209,0.5504225749568584,3,103.62515732129411,85.9205692158267,117.94896976336153,225.0315775988688,0.809280463910911,0.5973748976138786,51.28882764670838,34.09912851984255,COMPLETE
82,0.9114238410596026,2026-04-20 15:14:01.747871,2026-04-20 15:15:48.137150,0 days 00:01:46.389279,0.554478722419523,3,103.40277435641897,85.84162918061615,105.48449478320236,263.62260418914695,0.7944733207555386,0.6940955418053049,51.19044187487817,33.52636648953473,COMPLETE
83,0.8741721854304636,2026-04-20 15:14:05.683628,2026-04-20 15:15:54.954149,0 days 00:01:49.270521,0.5509499382694054,3,101.08853570259659,85.94071499700503,118.03151253718787,338.0072290272918,0.8074847576660006,0.6944113638269616,51.36409856412498,33.5937441875232,COMPLETE
84,0.8733443708609272,2026-04-20 15:14:07.698493,2026-04-20 15:15:57.357404,0 days 00:01:49.658911,0.5654728681742421,3,101.2014637962645,85.76861336480745,118.63555127432647,230.64161419452984,0.8088247655724837,0.695048776364895,51.59347553412415,33.628395339683145,COMPLETE
85,0.8981788079470199,2026-04-20 15:14:09.740794,2026-04-20 15:15:59.134344,0 days 00:01:49.393550,0.5632896274621992,3,100.96339986574344,85.81718331509927,117.91447744858246,235.87628490826518,0.8102261633538287,0.6370018464934684,51.12045165810013,32.10232270815379,COMPLETE
86,0.8700331125827815,2026-04-20 15:14:11.851657,2026-04-20 15:16:04.791881,0 days 00:01:52.940224,0.5653251737910092,3,101.23212558979834,87.36498988354187,118.87841742991498,226.21925535509735,0.8348157173371172,0.6970942291245654,51.127716963912995,33.50127725283194,COMPLETE
87,0.9163907284768212,2026-04-20 15:14:32.744756,2026-04-20 15:16:41.553032,0 days 00:02:08.808276,0.5579561935888706,3,101.07943228326616,85.81232825614053,105.46012512542548,228.60058329412425,0.8090363668067642,0.7002660228281525,51.11678353758222,33.37718662269657,COMPLETE
88,0.8360927152317881,2026-04-20 15:15:17.628511,2026-04-20 15:17:32.305735,0 days 00:02:14.677224,0.5559456381115401,3,101.23620749295264,90.84083089395158,119.18776391809823,223.91962503856854,0.8091753012194607,0.7067065844489774,51.28817506133016,33.62872887955068,COMPLETE
89,0.9064569536423841,2026-04-20 15:15:26.098380,2026-04-20 15:17:35.404188,0 days 00:02:09.305808,0.7694767580142807,3,100.93615851306767,87.41612966115825,105.57046125099939,219.22553783073508,0.8368486587455274,0.6958748091689648,51.13679774064804,30.792429343506836,COMPLETE
90,0.8981788079470199,2026-04-20 15:15:28.738436,2026-04-20 15:17:37.639023,0 days 00:02:08.900587,0.7786567284487709,3,100.95189901022542,90.84615572984121,105.16158085699264,92.45699760034663,0.8100251492764347,0.6948960516274653,51.105957088068386,33.436329471627516,COMPLETE
91,0.8468543046357616,2026-04-20 15:15:32.149438,2026-04-20 15:17:40.214008,0 days 00:02:08.064570,0.5508245572767063,3,103.7674131990578,90.97988318493634,117.0940190238373,218.72618924773604,0.8089501993432993,0.70741911336781,51.25889876492223,30.7163025179439,COMPLETE
92,0.9238410596026491,2026-04-20 15:15:36.191996,2026-04-20 15:17:50.664133,0 days 00:02:14.472137,0.7143702229672989,3,103.94110125581798,87.51671420900544,96.21821253676762,345.5590862384821,0.8205013031973184,0.6968494938026529,51.15592236343056,33.56431908480365,COMPLETE
93,0.9130794701986755,2026-04-20 15:15:39.398659,2026-04-20 15:17:48.557910,0 days 00:02:09.159251,0.7938446010945603,3,103.56264986075739,90.7410940063322,97.03789003146719,93.17713791402926,0.8108766820143285,0.6988372004761536,51.3812852661605,30.7517323501847,COMPLETE
94,0.9197019867549668,2026-04-20 15:15:40.999108,2026-04-20 15:18:05.665161,0 days 00:02:24.666053,0.6497532543378238,4,104.99821238465462,89.92152372132108,96.96880112398885,93.45093508110034,0.8363720112906364,0.7022235586607595,51.4550397582006,30.841944376107552,COMPLETE
95,0.9205298013245033,2026-04-20 15:15:48.149189,2026-04-20 15:18:09.389199,0 days 00:02:21.240010,0.711307588597114,4,103.88458392739219,87.42782580714267,96.95612938997023,84.06712248022797,0.8369455447017482,0.6246295539917517,51.659779375290356,30.79953407305257,COMPLETE
96,0.9163907284768212,2026-04-20 15:15:54.976328,2026-04-20 15:18:15.509249,0 days 00:02:20.532921,0.7143103349151793,4,104.23335617108712,87.43012858583874,92.66427055981711,98.77597712544605,0.8427900368448976,0.6233066992340024,54.730467726646786,30.852271291494397,COMPLETE
97,0.9089403973509934,2026-04-20 15:15:57.369920,2026-04-20 15:18:13.333742,0 days 00:02:15.963822,0.5913609853575641,4,104.2639648919869,87.21357935439127,87.7657507214869,102.63798982974788,0.8504910061936528,0.6280494177678067,54.513135876969926,30.862368646526093,COMPLETE
98,0.9213576158940397,2026-04-20 15:15:59.159266,2026-04-20 15:18:16.193879,0 days 00:02:17.034613,0.6291387003240146,4,104.15673437740824,90.86331700204224,96.87470258850003,89.84362411861332,0.8352052566131739,0.627326560895109,54.52730678117915,30.563096301619986,COMPLETE
99,0.9122516556291391,2026-04-20 15:16:04.816752,2026-04-20 15:18:16.938663,0 days 00:02:12.121911,0.7166965029560656,4,112.02947695539069,87.55606851247332,97.13427789950721,95.90949668508325,0.8207391137723214,0.6297154242191975,54.87269937548971,30.692140434270055,COMPLETE
