number,value,datetime_start,datetime_complete,duration,params_color_p,params_disk_size,params_length_max,params_length_min,params_min_threshold,params_no_object_threshold,params_pp_circle,params_pp_square,params_radius_max,params_radius_min,state
77,0.9035087719298246,2026-04-17 14:46:49.280298,2026-04-17 14:49:54.199425,0 days 00:03:04.919127,0.6433929179559019,5,104.20267196690484,87.76702806400101,87.25710438913062,389.27737999187747,0.8242860057649831,0.6084849155548261,52.118412623854745,33.897996100580464,COMPLETE
78,0.9152046783625731,2026-04-17 14:46:52.540332,2026-04-17 14:49:56.739087,0 days 00:03:04.198755,0.6321955285569137,5,104.32155899385307,87.35549143523832,87.18045987095756,895.4340094846248,0.8391238434423255,0.6065789495644934,47.1245515748975,33.73084327030036,COMPLETE
79,0.902046783625731,2026-04-17 14:47:02.135820,2026-04-17 14:49:53.825373,0 days 00:02:51.689553,0.6400612194640117,5,103.7687747615354,87.15114568967101,83.30189351172359,899.9575901376298,0.8229885319364588,0.6095073724766564,51.80287921567803,33.4311732487853,COMPLETE
80,0.9013157894736842,2026-04-17 14:47:02.146193,2026-04-17 14:49:54.059453,0 days 00:02:51.913260,0.6438426336547912,5,103.61448313338799,87.22623921293706,83.47980696673326,775.0823959892642,0.8410460163623884,0.6062179368112741,52.011560138204985,33.123785901969306,COMPLETE
81,0.902046783625731,2026-04-17 14:47:05.391691,2026-04-17 14:50:43.609147,0 days 00:03:38.217456,0.6420697735083978,6,103.72522296933559,87.40985569269151,83.13675781484854,780.996687604738,0.8400799534402861,0.5627542122871039,52.06320603562659,33.535325303911605,COMPLETE
82,0.9027777777777778,2026-04-17 14:47:24.585850,2026-04-17 14:50:53.534897,0 days 00:03:28.949047,0.6430589433990171,6,103.68378846291158,87.09715186370146,83.90989585584063,905.1444632160003,0.8369207346798724,0.5650687147472584,52.216739697770265,32.441954453515415,COMPLETE
83,0.9042397660818714,2026-04-17 14:47:52.271155,2026-04-17 14:51:19.688690,0 days 00:03:27.417535,0.6419904818833536,6,101.64293701220205,87.23076459972145,83.4846214339152,911.7765852683694,0.8375309875018695,0.5614685758154857,51.94864902851164,33.255651851452804,COMPLETE
84,0.9042397660818714,2026-04-17 14:48:10.265761,2026-04-17 14:51:41.294464,0 days 00:03:31.028703,0.5642326218948368,6,103.75667664979656,87.4896668145124,83.72404987332544,913.7104988533006,0.8358306800818973,0.5616384298203287,53.55562652746607,33.31174699577043,COMPLETE
85,0.9013157894736842,2026-04-17 14:48:14.875647,2026-04-17 14:51:45.929130,0 days 00:03:31.053483,0.6534287619716116,6,101.24157288157397,87.17989746983329,83.47453817772525,923.5282141383345,0.8430084473921725,0.6255484501654185,51.44672939583902,33.378389900724954,COMPLETE
86,0.9042397660818714,2026-04-17 14:48:27.485612,2026-04-17 14:52:06.964650,0 days 00:03:39.479038,0.5616744827671861,6,103.86800972726054,87.3479250681764,83.27399462275564,921.9442790204278,0.8370733284942625,0.5616766541363607,51.946045224405346,33.36587621744013,COMPLETE
87,0.9049707602339181,2026-04-17 14:48:40.378957,2026-04-17 14:52:17.258663,0 days 00:03:36.879706,0.5692260423851239,6,103.76004026926466,87.33313385180084,83.59394418974429,903.1403498008849,0.8355534073303645,0.6248646160302949,52.13958192567545,32.66367512113171,COMPLETE
88,0.9071637426900585,2026-04-17 14:48:46.056963,2026-04-17 14:52:09.919016,0 days 00:03:23.862053,0.5636691494101174,6,101.65347566859786,87.21491444053171,84.53314764548374,900.2155984717741,0.8366635629215335,0.5620021364677228,53.525909504048805,33.18094474242537,COMPLETE
89,0.9064327485380117,2026-04-17 14:48:47.285216,2026-04-17 14:52:23.041492,0 days 00:03:35.756276,0.5756216501735,6,102.06365791121583,87.76584826631886,83.78868998689457,913.5968075835501,0.8360465951213073,0.6136188442281507,51.11955067765295,33.22884349247946,COMPLETE
90,0.9042397660818714,2026-04-17 14:48:52.506472,2026-04-17 14:52:28.034407,0 days 00:03:35.527935,0.5652838633086672,6,103.57171543773002,87.42426699152452,83.45990739159727,912.7355637049251,0.836154697469334,0.5610342574071229,51.22867614216762,33.24571538956992,COMPLETE
91,0.9057017543859649,2026-04-17 14:49:06.219340,2026-04-17 14:52:36.744205,0 days 00:03:30.524865,0.5674454422910413,6,101.67289651685381,87.73131292352232,83.33284932551913,900.0911937232263,0.836063121791395,0.6255667373170333,51.10404802256725,32.449028848124904,COMPLETE
92,0.9049707602339181,2026-04-17 14:49:31.031567,2026-04-17 14:52:45.761500,0 days 00:03:14.729933,0.5605057841215787,6,102.24825276824333,87.89225132062607,83.38201607950175,938.8664112383798,0.8058491688593263,0.5618754918796672,51.020269508345244,33.1833063910638,COMPLETE
93,0.9042397660818714,2026-04-17 14:49:53.855180,2026-04-17 14:52:57.306139,0 days 00:03:03.450959,0.564931175839728,6,102.07983316031437,87.88051390027266,81.7731261592115,944.2283804946264,0.8058062862270275,0.6256781670517737,51.19888045840584,32.761241675334034,COMPLETE
94,0.9027777777777778,2026-04-17 14:49:54.069186,2026-04-17 14:52:58.000694,0 days 00:03:03.931508,0.6198712713392267,6,101.36938264515922,87.82241002247994,81.1143316189171,944.6800685294664,0.8058878583497429,0.6243945410209664,51.04508485412104,32.364549681688906,COMPLETE
95,0.9057017543859649,2026-04-17 14:49:54.219388,2026-04-17 14:53:03.724957,0 days 00:03:09.505569,0.5709142941702288,6,101.47042570647267,87.99478429769144,79.87515143031048,948.8718427804454,0.8311858032433381,0.5625760698055262,50.56832876534179,32.540105648994576,COMPLETE
96,0.9035087719298246,2026-04-17 14:49:56.759464,2026-04-17 14:53:04.194777,0 days 00:03:07.435313,0.5605643526301985,6,102.98627735953099,88.81326153574955,81.22331557628458,953.9850977364996,0.8305438236006747,0.5645773105866269,47.230127568446655,32.521054226661306,COMPLETE
97,0.8837719298245614,2026-04-17 14:50:43.614865,2026-04-17 14:53:23.509855,0 days 00:02:39.894990,0.5645015977100816,6,102.9767851650235,88.96373192250307,74.75425718230564,946.4548164368764,0.8057392280059227,0.6244829411483458,50.798747538486026,35.674076695981,COMPLETE
98,0.8852339181286549,2026-04-17 14:50:53.559834,2026-04-17 14:53:24.270407,0 days 00:02:30.710573,0.5639971594955936,6,102.99030411732183,88.50783418393765,74.86957195083049,946.8980949809859,0.8306090534897729,0.6247903772652523,46.80075298518458,35.76493791720465,COMPLETE
99,0.8874269005847953,2026-04-17 14:51:19.704880,2026-04-17 14:53:33.028480,0 days 00:02:13.323600,0.5672192771521839,6,102.67886191111518,88.85712697849641,76.6184585368202,953.2037093959408,0.8056803151406713,0.6252404325992111,51.30391686315671,35.80977792272739,COMPLETE
