number,value,datetime_start,datetime_complete,duration,params_color_p,params_disk_size,params_length_max,params_length_min,params_min_threshold,params_no_object_threshold,params_pp_circle,params_pp_square,params_radius_max,params_radius_min,state
0,0.5416666666666666,2026-04-17 14:36:23.971577,2026-04-17 14:37:49.450213,0 days 00:01:25.478636,0.5574807976869243,1,110.39497870927468,89.01818511811342,119.08931990871575,691.1016503102414,0.8203961098954455,0.6741168553928465,39.430506037841724,33.12633315939397,COMPLETE
1,0.8574561403508771,2026-04-17 14:36:23.977523,2026-04-17 14:39:06.272128,0 days 00:02:42.294605,0.5608420311629849,5,103.35627035734544,86.83343950997562,55.36611096395138,474.5909924324301,0.8172531585561421,0.5672323967858706,50.19819238954278,35.662173753305495,COMPLETE
2,0.777046783625731,2026-04-17 14:36:23.980027,2026-04-17 14:39:08.272517,0 days 00:02:44.292490,0.8178017454189991,6,110.81075075245592,95.77550784276002,91.97877311450026,280.67582408040886,0.778029995401374,0.6909085096976222,53.75056259659861,33.44667981389803,COMPLETE
3,0.7872807017543859,2026-04-17 14:36:23.982502,2026-04-17 14:38:58.567711,0 days 00:02:34.585209,0.60765803292266,4,114.96765696346083,89.51079877567585,56.420010353531076,273.32028601093396,0.7629071665169488,0.5977185891256941,51.61852822880315,31.039614337218442,COMPLETE
4,0.8706140350877193,2026-04-17 14:36:23.984635,2026-04-17 14:38:50.663394,0 days 00:02:26.678759,0.5732471114220722,5,105.5679863459775,95.21888595105267,85.92149434690211,963.9345301412704,0.8389537222094913,0.6544379635303292,49.09310109470732,33.45643481996591,COMPLETE
5,0.8472222222222222,2026-04-17 14:36:23.986698,2026-04-17 14:38:14.082197,0 days 00:01:50.095499,0.7148797691130937,2,109.57852785617895,95.01784112972555,74.69414362394762,850.9078009928728,0.8318285358532723,0.6278358745609206,54.05398784916079,30.084133248030287,COMPLETE
6,0.44371345029239767,2026-04-17 14:36:23.989411,2026-04-17 14:38:22.172308,0 days 00:01:58.182897,0.6737154714207587,3,111.89607089863517,92.17782073343484,75.3326096380064,838.2035839201618,0.7548800501061389,0.6914397217241234,40.41301717661796,40.93346679186646,COMPLETE
7,0.6754385964912281,2026-04-17 14:36:23.995540,2026-04-17 14:38:31.231096,0 days 00:02:07.235556,0.5678968646316556,2,100.01469440145884,86.6286935357018,58.806526740113604,505.19805658036216,0.8612156843476227,0.5574675733541402,45.36223124229924,40.70836309734576,COMPLETE
8,0.8589181286549707,2026-04-17 14:36:23.997439,2026-04-17 14:38:55.167810,0 days 00:02:31.170371,0.821566362897612,6,113.02165486869174,90.21337711996509,116.00208404642869,346.3782716675791,0.8300097299773662,0.707307829385454,49.28897510570437,32.90939635767208,COMPLETE
9,0.6820175438596491,2026-04-17 14:36:24.002725,2026-04-17 14:38:04.648400,0 days 00:01:40.645675,0.8396393093782835,1,107.0687831739917,97.06058544921335,86.40361297175426,940.5385054563379,0.7615566715614137,0.6153024776022383,52.84361331143981,32.03679279338025,COMPLETE
10,0.797514619883041,2026-04-17 14:36:24.016339,2026-04-17 14:37:56.488224,0 days 00:01:32.471885,0.6330071943221597,2,102.53866517944559,89.60980428368593,110.05550163224811,764.3948683326624,0.8066567226513249,0.7257919763780496,48.54848467968834,34.290882212858335,COMPLETE
11,0.8874269005847953,2026-04-17 14:36:24.025475,2026-04-17 14:37:49.670646,0 days 00:01:25.645171,0.6717732324264384,1,108.48811368992436,91.2894013778938,112.86080906473084,608.3594420550883,0.8026269982974648,0.6209438083087899,52.86098093824258,31.2057860442341,COMPLETE
12,0.5095029239766082,2026-04-17 14:36:24.029954,2026-04-17 14:38:23.729556,0 days 00:01:59.699602,0.6529256933224594,2,100.35828855041895,97.64557965965727,58.27028251804913,705.853975488835,0.8637403810141296,0.5995913140784038,41.02154752899223,30.34981010491426,COMPLETE
13,0.9159356725146199,2026-04-17 14:36:24.034433,2026-04-17 14:39:08.040314,0 days 00:02:44.005881,0.6195303329141455,6,100.8251165651101,88.38203540620094,89.17501935144452,971.7917975317545,0.815880777360113,0.5622591906924419,53.417552132642136,36.64317053499069,COMPLETE
14,0.6074561403508771,2026-04-17 14:36:24.039655,2026-04-17 14:38:50.708060,0 days 00:02:26.668405,0.5535789842563059,4,103.41281228111632,90.33200651323729,52.96518782347658,908.6680565131381,0.802537540851611,0.5995696750176067,52.44000032989995,41.123548094040586,COMPLETE
15,0.30116959064327486,2026-04-17 14:36:24.044653,2026-04-17 14:39:09.141761,0 days 00:02:45.097108,0.8146713076939522,6,111.56121783573953,98.13536155866458,78.95966498136653,455.4100993564412,0.7984628031857679,0.6581993592119545,54.0039781989677,41.96057910452005,COMPLETE
16,0.3961988304093567,2026-04-17 14:37:49.458168,2026-04-17 14:39:22.918081,0 days 00:01:33.459913,0.757314943082856,2,112.60735058814645,97.26538039153952,105.66812236637323,606.2147656393723,0.8473866314706492,0.6188406149582989,50.29073295905384,41.348755794748925,COMPLETE
17,0.8472222222222222,2026-04-17 14:37:49.677276,2026-04-17 14:39:31.235958,0 days 00:01:41.558682,0.7660526034018911,2,104.61312433872055,91.50004561181723,79.27305828205506,164.35410753647187,0.7795098337727902,0.702976802822757,48.3178119565887,39.14977377320069,COMPLETE
18,0.5862573099415205,2026-04-17 14:37:56.502292,2026-04-17 14:40:38.787418,0 days 00:02:42.285126,0.6690392026302003,5,110.13383111884852,97.06959122996473,108.66308229825009,427.45498699227096,0.7714934418941695,0.6408803224091231,41.15102422435832,37.9936112592864,COMPLETE
19,0.7068713450292398,2026-04-17 14:38:04.648400,2026-04-17 14:40:35.599838,0 days 00:02:30.951438,0.7209125219912069,3,114.80322334095298,87.58937102119627,64.649406577134,45.74257233621243,0.7545354700924971,0.7198551697440906,47.274275372256724,36.042584925121815,COMPLETE
20,0.8179824561403509,2026-04-17 14:38:14.090205,2026-04-17 14:40:20.749023,0 days 00:02:06.658818,0.5798630342062329,2,100.55544450211737,89.99068722812963,78.2934848752541,930.2373360153523,0.7631849621337704,0.572737291527493,51.23354350674464,32.857648361393515,COMPLETE
21,0.5182748538011696,2026-04-17 14:38:22.179231,2026-04-17 14:41:22.922566,0 days 00:03:00.743335,0.7956571867340244,5,110.16407743325172,89.94015437257467,84.66579098247662,138.31600710760847,0.8266186560846063,0.7037749010847252,38.83624310047098,40.769893504897986,COMPLETE
22,0.7777777777777778,2026-04-17 14:38:23.759828,2026-04-17 14:41:09.997468,0 days 00:02:46.237640,0.6602633908316228,4,109.23009238782785,92.40597402396301,58.197035390198465,170.54649376266866,0.7572713096305037,0.6159857407534451,53.287245464536355,37.28876129329327,COMPLETE
23,0.60453216374269,2026-04-17 14:38:31.238311,2026-04-17 14:41:39.018086,0 days 00:03:07.779775,0.740266151560941,5,102.76032406452036,96.53897278685028,54.09767770049782,334.36121152706005,0.826120594626566,0.6937460972054579,43.11002424258998,40.40604255591015,COMPLETE
24,0.8654970760233918,2026-04-17 14:38:50.711886,2026-04-17 14:42:07.493748,0 days 00:03:16.781862,0.7664466053459276,6,114.4104890151222,92.78596637517406,101.36807750854297,49.07292170012829,0.7814435009583163,0.555140902047879,44.80087552446656,37.383179482213265,COMPLETE
25,0.8757309941520468,2026-04-17 14:38:50.738405,2026-04-17 14:41:55.801193,0 days 00:03:05.062788,0.7500352268085108,6,113.4957003790656,85.56507137209492,101.7253724043719,31.351138020370342,0.7823629961040113,0.5514454977250396,44.758051674797194,36.97292991466568,COMPLETE
26,0.8472222222222222,2026-04-17 14:38:55.185825,2026-04-17 14:42:12.707149,0 days 00:03:17.521324,0.7531142556068385,6,106.46063948992546,94.51629162871949,98.4559455803395,55.00979679894698,0.7810537918043724,0.6563317382946152,50.03649387442873,36.43806283090671,COMPLETE
27,0.8728070175438597,2026-04-17 14:38:58.590793,2026-04-17 14:42:14.731947,0 days 00:03:16.141154,0.7639430068781383,6,106.43224279873931,93.85111285014081,101.03427999997365,539.7000675750343,0.7931495729638816,0.6653631695322482,45.441918672463764,35.92651278076213,COMPLETE
28,0.868421052631579,2026-04-17 14:39:06.298162,2026-04-17 14:42:17.107099,0 days 00:03:10.808937,0.7342058180231271,6,106.87066991964608,94.05032243126345,96.24827381797974,49.34489561675355,0.7865253849338366,0.6532448370931621,45.75659875635368,37.77569058735688,COMPLETE
29,0.8918128654970761,2026-04-17 14:39:08.064513,2026-04-17 14:42:16.741183,0 days 00:03:08.676670,0.7312369763811393,6,108.23481402468435,85.13597672442529,100.97981994195928,62.876408312002184,0.7892657046406997,0.5727790591977866,54.9713643166801,37.88124283771498,COMPLETE
30,0.8852339181286549,2026-04-17 14:39:08.277791,2026-04-17 14:41:05.493191,0 days 00:01:57.215400,0.7333179621437387,3,107.80295389581836,92.65800284477287,101.97838169887194,585.0132020693659,0.7863826024743943,0.5698529073167937,45.3914393152169,38.151723495641214,COMPLETE
31,0.8888888888888888,2026-04-17 14:39:09.155647,2026-04-17 14:41:07.891381,0 days 00:01:58.735734,0.7285689252173088,3,108.14297099733966,92.64004833249513,100.27842027594912,117.01726989732026,0.7881807917128312,0.566852699866965,45.09131576792216,38.65201205393346,COMPLETE
32,0.8896198830409356,2026-04-17 14:39:22.928059,2026-04-17 14:41:22.880381,0 days 00:01:59.952322,0.7188069154745494,3,108.53152906088074,85.05689604480222,98.46544707960793,89.35611488206018,0.7859036194530186,0.5737385002669786,46.11909110864361,38.362589051006054,COMPLETE
33,0.8932748538011696,2026-04-17 14:39:31.243987,2026-04-17 14:41:28.657121,0 days 00:01:57.413134,0.7035396688499922,3,108.08318781340841,85.04637871466993,100.18760444661888,14.911578588300586,0.7857386164787358,0.5766650145724262,44.7003016869521,37.90948924556319,COMPLETE
34,0.8918128654970761,2026-04-17 14:40:20.809013,2026-04-17 14:43:26.110996,0 days 00:03:05.301983,0.6984508582536788,5,107.59810385878343,93.02999873642813,96.29440802906448,40.603914060225804,0.7851804600832353,0.5765451160997574,45.03894048356801,37.872832454819616,COMPLETE
35,0.8983918128654971,2026-04-17 14:40:35.605335,2026-04-17 14:43:38.672170,0 days 00:03:03.066835,0.6823756052962195,5,108.1450568524898,85.01011423966311,98.23723555553893,596.4465598410321,0.7918513133717301,0.5806020862933062,44.951603272406956,37.938808253542916,COMPLETE
36,0.8991228070175439,2026-04-17 14:40:38.797949,2026-04-17 14:43:50.806375,0 days 00:03:12.008426,0.6046316067204641,5,107.78198003958683,93.471169526997,90.86865224835294,989.2765212889663,0.7903401168802445,0.6596276446635152,44.50893556862737,34.63487916742144,COMPLETE
37,0.8888888888888888,2026-04-17 14:41:05.501592,2026-04-17 14:43:03.162384,0 days 00:01:57.660792,0.6181070829805764,3,108.53493068911268,93.44898341731935,99.12022679028964,589.9230116761668,0.789845234192759,0.5741958956611265,45.455372028862875,37.56068830256228,COMPLETE
38,0.8874269005847953,2026-04-17 14:41:07.907649,2026-04-17 14:43:28.910856,0 days 00:02:21.003207,0.6911735276125975,4,108.44349284824007,93.40097447988775,98.8755259536823,30.420063901899695,0.7917540097738525,0.5501091674452894,43.04191032237283,37.22185520278197,COMPLETE
39,0.8384502923976608,2026-04-17 14:41:10.015127,2026-04-17 14:42:40.207123,0 days 00:01:30.191996,0.6149786404871287,1,107.98043926671339,88.21766328710021,98.44270547511991,14.268753994348117,0.7925409730101224,0.5503694319063551,43.036917504901666,34.831207714687295,COMPLETE
40,0.8940058479532164,2026-04-17 14:41:22.894026,2026-04-17 14:43:24.216740,0 days 00:02:01.322714,0.697638054575591,3,106.70057087113231,85.81718877090648,96.71372451174742,20.41541599886625,0.7898717969887389,0.5836616602625468,43.328238409108415,35.19963941825405,COMPLETE
41,0.8508771929824561,2026-04-17 14:41:22.937122,2026-04-17 14:43:45.906703,0 days 00:02:22.969581,0.6951783716175249,3,106.17539202706584,85.3871502714178,97.47707889806018,31.191370786200125,0.7883176894807287,0.5533139256165688,43.33688037756859,39.89353387811763,COMPLETE
42,0.8779239766081871,2026-04-17 14:41:28.663153,2026-04-17 14:43:55.880888,0 days 00:02:27.217735,0.6960209449075125,4,106.37053839251945,85.663717424045,95.43277940815608,10.98745825173367,0.7937827935418499,0.550875686890819,43.463396626463954,39.44225484293443,COMPLETE
43,0.8961988304093568,2026-04-17 14:41:39.026959,2026-04-17 14:44:20.000874,0 days 00:02:40.973915,0.6996627282134041,4,106.52546181462678,85.12308771384365,96.72068628173672,61.358312994322425,0.7935615471328938,0.5874626098505394,43.39677299673727,35.120248142737424,COMPLETE
44,0.8918128654970761,2026-04-17 14:41:55.827352,2026-04-17 14:44:22.576447,0 days 00:02:26.749095,0.700747486335193,4,106.76788228857151,85.0493902921979,94.72505464341006,79.17568213495895,0.7924432999550686,0.585453822709659,42.92524460093766,35.307025287681206,COMPLETE
45,0.8757309941520468,2026-04-17 14:42:07.519093,2026-04-17 14:44:46.877121,0 days 00:02:39.358028,0.696890209529641,4,105.71009420227716,88.26675016934158,93.09773296342131,248.70289182639488,0.793967030016259,0.5862129709004773,43.05386868488741,39.55585951874154,COMPLETE
46,0.8903508771929824,2026-04-17 14:42:12.717097,2026-04-17 14:44:30.650868,0 days 00:02:17.933771,0.7006317706498852,3,108.24587936053784,85.15349789283187,94.1410066410358,146.2040714702472,0.7947086649250364,0.5864419750613101,43.36824918048934,39.32321993298495,COMPLETE
47,0.8874269005847953,2026-04-17 14:42:14.777255,2026-04-17 14:44:35.449810,0 days 00:02:20.672555,0.6943257768947316,3,108.3009560397506,85.0419722536123,92.94407090673546,106.30153473813279,0.8101878555894279,0.582951712032502,43.104421568635885,39.38609448550338,COMPLETE
48,0.8998538011695907,2026-04-17 14:42:16.758770,2026-04-17 14:44:43.908191,0 days 00:02:27.149421,0.6942892769198301,4,108.92393315052216,85.31966621729258,92.6725558942801,223.36926385097308,0.8120236752206645,0.5860276927341219,43.5614974790294,35.05851134007685,COMPLETE
49,0.8940058479532164,2026-04-17 14:42:17.108602,2026-04-17 14:44:43.716432,0 days 00:02:26.607830,0.6912554953994052,4,108.99399496022114,85.00908449186821,93.03632935494888,206.42474482214953,0.8136236679173887,0.5860703570880096,43.303884677377766,39.26879185793696,COMPLETE
50,0.8823099415204678,2026-04-17 14:42:40.230170,2026-04-17 14:45:07.500197,0 days 00:02:27.270027,0.6952374337266413,4,108.88360043759776,85.87279493456137,91.54171440700698,229.2187166244019,0.8137032710363239,0.5789534173372594,54.9414219704316,39.4798250100271,COMPLETE
51,0.8457602339181286,2026-04-17 14:43:03.191301,2026-04-17 14:45:24.663306,0 days 00:02:21.472005,0.686157029154499,4,105.29061088462923,85.15437889507719,92.19759090570719,218.70963149812607,0.7695536292798046,0.5849454305207106,47.27181853536903,39.49595454820081,COMPLETE
52,0.9013157894736842,2026-04-17 14:43:24.226751,2026-04-17 14:45:37.826476,0 days 00:02:13.599725,0.7098718507374894,4,105.54895566613929,86.21375332540396,91.45030100246053,289.6875156540218,0.8142799759970945,0.5850212810524745,54.88522072741348,35.00133604461029,COMPLETE
53,0.8845029239766082,2026-04-17 14:43:26.126995,2026-04-17 14:45:42.484242,0 days 00:02:16.357247,0.6960033943121505,4,105.39546950233668,86.21578832254195,92.12539814178783,234.83560452115802,0.8128351761487166,0.5837215125738336,54.55675105121967,39.56643276408446,COMPLETE
54,0.9049707602339181,2026-04-17 14:43:28.916028,2026-04-17 14:45:41.218897,0 days 00:02:12.302869,0.6884469177889363,4,105.1643828544235,86.07229083905872,91.23070893024789,217.26823922260917,0.8184275148165888,0.5876595999166487,54.423801686137175,35.32377474919389,COMPLETE
55,0.9042397660818714,2026-04-17 14:43:38.692062,2026-04-17 14:45:49.915059,0 days 00:02:11.222997,0.6387165318118649,4,105.30370117704013,86.23509573307022,91.64807081489859,227.4595829677442,0.8154519259549844,0.586426070816968,43.70974189435883,35.05193346023431,COMPLETE
56,0.9049707602339181,2026-04-17 14:43:45.929885,2026-04-17 14:45:54.081148,0 days 00:02:08.151263,0.6422028745872513,4,104.66670456762932,86.36614319030059,91.04877579511434,225.7455657895672,0.8156832351008021,0.5867701027320191,54.939179978962,35.17476691843758,COMPLETE
57,0.9005847953216374,2026-04-17 14:43:50.816723,2026-04-17 14:45:58.427190,0 days 00:02:07.610467,0.5892562208037251,4,104.95777076523603,86.32627180691051,90.16414724919355,995.5263339659966,0.8180756761593629,0.5900405246397513,42.08925891548048,35.075318598659976,COMPLETE
58,0.9144736842105263,2026-04-17 14:43:55.892484,2026-04-17 14:45:58.949901,0 days 00:02:03.057417,0.6392797872876899,4,104.6982692675195,86.30203523224978,90.488768608325,815.4574899126974,0.8140162174835153,0.5842352210422938,46.9748195266125,35.363806535358606,COMPLETE
59,0.8969298245614035,2026-04-17 14:44:20.010676,2026-04-17 14:46:38.680312,0 days 00:02:18.669636,0.5973912885506049,5,105.14541225138389,86.58417317274657,90.98561442396566,843.1208298620029,0.8132447940035132,0.5858781979649713,42.06193788803522,35.132798207090005,COMPLETE
60,0.8837719298245614,2026-04-17 14:44:22.586031,2026-04-17 14:46:37.270026,0 days 00:02:14.683995,0.5976830635986482,5,105.12845836502964,86.43242079751568,91.34664087266634,857.8895640566675,0.8144517017703309,0.5912220704882596,41.90361557060804,34.045505800787275,COMPLETE
61,0.9166666666666666,2026-04-17 14:44:30.660953,2026-04-17 14:46:49.271605,0 days 00:02:18.610652,0.5905206295862668,5,104.98433892995408,86.3181372838331,89.58756342109494,984.5559081776087,0.8147909428030459,0.6784544806479337,47.24611081230254,34.23523722987504,COMPLETE
62,0.9159356725146199,2026-04-17 14:44:35.468477,2026-04-17 14:46:52.530158,0 days 00:02:17.061681,0.5879726898108856,5,104.88847624857918,86.5786057380003,89.0181136629419,982.004659242318,0.8164926129782887,0.6069110455774969,46.7384973231323,34.595379576058015,COMPLETE
63,0.8735380116959064,2026-04-17 14:44:43.716432,2026-04-17 14:47:02.122109,0 days 00:02:18.405677,0.5880904696465727,5,104.96509795813698,86.3792419283599,88.01455214860147,866.2637735066584,0.7730759275378256,0.6351479418774294,42.240675245285615,34.600480665029544,COMPLETE
64,0.8442982456140351,2026-04-17 14:44:43.908191,2026-04-17 14:47:02.114784,0 days 00:02:18.206593,0.5909126962872256,5,104.62817258806604,86.44476125320827,88.51891185568591,837.2262230816503,0.7730086394151059,0.6753828296681964,41.83485096698938,34.015174733590776,COMPLETE
65,0.8530701754385965,2026-04-17 14:44:46.904908,2026-04-17 14:47:05.387165,0 days 00:02:18.482257,0.5909550198055316,5,104.58827971149765,86.356334046307,88.20619776731108,986.1400661036529,0.7734713756366206,0.6051909065942482,41.92055297600015,33.90875666845586,COMPLETE
66,0.8611111111111112,2026-04-17 14:45:07.504165,2026-04-17 14:47:24.566154,0 days 00:02:17.061989,0.5889117589567598,5,104.30968969635443,86.49796492506977,86.9328612795701,992.2208807657474,0.773598797830463,0.6049726586118427,42.008636203321586,34.010465092025,COMPLETE
67,0.8991228070175439,2026-04-17 14:45:24.678926,2026-04-17 14:47:52.249624,0 days 00:02:27.570698,0.6363289379864481,5,104.44310890470412,86.5458500737492,89.0147628536538,827.8303483836394,0.8196441509546777,0.5968321458359486,42.084693419054396,34.17009310067927,COMPLETE
68,0.8428362573099415,2026-04-17 14:45:37.843403,2026-04-17 14:48:10.256955,0 days 00:02:32.413552,0.6404794134621721,5,101.8154376312806,86.80019697672081,87.9352785629412,813.0463518652075,0.8204980860818578,0.6070244513190286,41.44580035335799,34.023694510004695,COMPLETE
69,0.9144736842105263,2026-04-17 14:45:41.227922,2026-04-17 14:48:14.865420,0 days 00:02:33.637498,0.6363626736877646,5,101.1073430101944,86.46657832384112,89.40239143419022,999.5559938716456,0.8198244104420883,0.6035010671118793,51.8862397958521,34.074307246819146,COMPLETE
70,0.9057017543859649,2026-04-17 14:45:42.488771,2026-04-17 14:48:27.458340,0 days 00:02:44.969569,0.5921865995187502,5,104.02189857541799,87.01561580213445,85.45299691524414,861.1171189673972,0.8190503533351128,0.596310883661256,52.41391599812632,34.39769544550977,COMPLETE
71,0.9166666666666666,2026-04-17 14:45:49.922486,2026-04-17 14:48:40.365596,0 days 00:02:50.443110,0.588656805744919,5,104.38170666125413,86.9364574198002,87.7161386097212,996.4419020617152,0.8213506760072136,0.6053551709809334,51.740298051582464,33.780215867805786,COMPLETE
72,0.902046783625731,2026-04-17 14:45:54.103469,2026-04-17 14:48:47.282219,0 days 00:02:53.178750,0.6378636336977558,5,104.19156447889497,87.05993741724727,86.91924285434841,310.55763336942096,0.8204440232988464,0.595381597675811,52.195830408404404,33.91625345153359,COMPLETE
73,0.9035087719298246,2026-04-17 14:45:58.438706,2026-04-17 14:48:52.484422,0 days 00:02:54.045716,0.6434265996742928,5,104.35271085068189,87.11855204241071,87.02275850994741,314.1427487670675,0.819388470505057,0.6057255284551847,53.51294376073096,33.9577811747369,COMPLETE
74,0.9027777777777778,2026-04-17 14:45:58.964946,2026-04-17 14:48:46.052450,0 days 00:02:47.087504,0.6422451144418233,5,104.07584454691377,87.0702600918882,87.7488166031087,357.4399093385066,0.8231565771720721,0.6032318174160735,51.94091416403767,33.90280819127589,COMPLETE
75,0.9027777777777778,2026-04-17 14:46:37.300071,2026-04-17 14:49:31.015266,0 days 00:02:53.715195,0.6434437291600589,5,104.07404145396588,87.28693354685701,87.73864824546965,303.8756096278669,0.837480130346427,0.6104173640717387,51.92788290604532,33.687619861468214,COMPLETE
76,0.9042397660818714,2026-04-17 14:46:38.695913,2026-04-17 14:49:06.205383,0 days 00:02:27.509470,0.6395894687757825,4,103.82391125494564,87.2355906645082,87.45544154849743,323.5607502907563,0.8203712200409502,0.6075260039660171,53.30599919342819,33.80542126318577,COMPLETE
